[ 2017-06-02T21:14:37+08:00 ] ::1 /tpnote/index.php/home/admin/timeupdate
INFO: [ app_init ] --START--
INFO: Run Behavior\BuildLiteBehavior [ RunTime:0.000000s ]
INFO: [ app_init ] --END-- [ RunTime:0.018001s ]
INFO: [ app_begin ] --START--
INFO: Run Behavior\ReadHtmlCacheBehavior [ RunTime:0.001000s ]
INFO: [ app_begin ] --END-- [ RunTime:0.001000s ]
NOTIC: [8192] mysql_connect(): The mysql extension is deprecated and will be removed in the future: use mysqli or PDO instead E:\php\xampp\htdocs\tpnote\ThinkPHP\Library\Think\Db\Driver\Mysql.class.php 第 52 行.
SQL: SHOW COLUMNS FROM `notetable` [ RunTime:0.016001s ]
SQL: SELECT * FROM `notetable` ORDER BY id DESC  [ RunTime:0.465026s ]
SQL: UPDATE `notetable` SET `addtime`=1496063676 WHERE ( id=65 ) [ RunTime:0.015001s ]
SQL: UPDATE `notetable` SET `addtime`=1495631676 WHERE ( id=64 ) [ RunTime:0.014001s ]
SQL: UPDATE `notetable` SET `addtime`=1495199676 WHERE ( id=63 ) [ RunTime:0.015001s ]
SQL: UPDATE `notetable` SET `addtime`=1494767676 WHERE ( id=62 ) [ RunTime:0.017001s ]
SQL: UPDATE `notetable` SET `addtime`=1494594876 WHERE ( id=61 ) [ RunTime:0.014000s ]
SQL: UPDATE `notetable` SET `addtime`=1494162876 WHERE ( id=54 ) [ RunTime:0.022001s ]
SQL: UPDATE `notetable` SET `addtime`=1493990076 WHERE ( id=53 ) [ RunTime:0.013001s ]
SQL: UPDATE `notetable` SET `addtime`=1493817276 WHERE ( id=52 ) [ RunTime:0.014000s ]
SQL: UPDATE `notetable` SET `addtime`=1493644476 WHERE ( id=51 ) [ RunTime:0.016001s ]
SQL: UPDATE `notetable` SET `addtime`=1493385276 WHERE ( id=50 ) [ RunTime:0.021001s ]
SQL: UPDATE `notetable` SET `addtime`=1493126076 WHERE ( id=49 ) [ RunTime:0.014001s ]
SQL: UPDATE `notetable` SET `addtime`=1492866876 WHERE ( id=48 ) [ RunTime:0.013001s ]
SQL: UPDATE `notetable` SET `addtime`=1492607676 WHERE ( id=47 ) [ RunTime:0.014001s ]
SQL: UPDATE `notetable` SET `addtime`=1492262076 WHERE ( id=46 ) [ RunTime:0.017001s ]
SQL: UPDATE `notetable` SET `addtime`=1491916476 WHERE ( id=45 ) [ RunTime:0.014001s ]
SQL: UPDATE `notetable` SET `addtime`=1491570876 WHERE ( id=44 ) [ RunTime:0.013000s ]
SQL: UPDATE `notetable` SET `addtime`=1491138876 WHERE ( id=43 ) [ RunTime:0.016001s ]
SQL: UPDATE `notetable` SET `addtime`=1490966076 WHERE ( id=42 ) [ RunTime:0.013001s ]
SQL: UPDATE `notetable` SET `addtime`=1490534076 WHERE ( id=41 ) [ RunTime:0.015001s ]
SQL: UPDATE `notetable` SET `addtime`=1490188476 WHERE ( id=40 ) [ RunTime:0.022001s ]
SQL: UPDATE `notetable` SET `addtime`=1490015676 WHERE ( id=39 ) [ RunTime:0.014001s ]
SQL: UPDATE `notetable` SET `addtime`=1489842876 WHERE ( id=38 ) [ RunTime:0.016001s ]
SQL: UPDATE `notetable` SET `addtime`=1489670076 WHERE ( id=35 ) [ RunTime:0.013001s ]
SQL: UPDATE `notetable` SET `addtime`=1489324476 WHERE ( id=29 ) [ RunTime:0.014001s ]
SQL: UPDATE `notetable` SET `addtime`=1488892476 WHERE ( id=8 ) [ RunTime:0.015001s ]
SQL: UPDATE `notetable` SET `addtime`=1488633276 WHERE ( id=4 ) [ RunTime:0.014000s ]
INFO: [ app_end ] --START--
INFO: Run Behavior\ShowPageTraceBehavior [ RunTime:0.069004s ]
INFO: [ app_end ] --END-- [ RunTime:0.069004s ]

[ 2017-06-02T21:15:25+08:00 ] ::1 /tpnote/index.php/home/admin/timeupdate
INFO: [ app_init ] --START--
INFO: Run Behavior\BuildLiteBehavior [ RunTime:0.000000s ]
INFO: [ app_init ] --END-- [ RunTime:0.001000s ]
INFO: [ app_begin ] --START--
INFO: Run Behavior\ReadHtmlCacheBehavior [ RunTime:0.000000s ]
INFO: [ app_begin ] --END-- [ RunTime:0.000000s ]
NOTIC: [8192] mysql_connect(): The mysql extension is deprecated and will be removed in the future: use mysqli or PDO instead E:\php\xampp\htdocs\tpnote\ThinkPHP\Library\Think\Db\Driver\Mysql.class.php 第 52 行.
SQL: SHOW COLUMNS FROM `notetable` [ RunTime:0.032002s ]
SQL: SELECT * FROM `notetable` ORDER BY id ASC  [ RunTime:0.522030s ]
SQL: UPDATE `notetable` SET `addtime`=1496063723 WHERE ( id=4 ) [ RunTime:0.021001s ]
SQL: UPDATE `notetable` SET `addtime`=1495890923 WHERE ( id=8 ) [ RunTime:0.019001s ]
SQL: UPDATE `notetable` SET `addtime`=1495631723 WHERE ( id=29 ) [ RunTime:0.020001s ]
SQL: UPDATE `notetable` SET `addtime`=1495199723 WHERE ( id=35 ) [ RunTime:0.020002s ]
SQL: UPDATE `notetable` SET `addtime`=1494854123 WHERE ( id=38 ) [ RunTime:0.020001s ]
SQL: UPDATE `notetable` SET `addtime`=1494422123 WHERE ( id=39 ) [ RunTime:0.019001s ]
SQL: UPDATE `notetable` SET `addtime`=1494076523 WHERE ( id=40 ) [ RunTime:0.020001s ]
SQL: UPDATE `notetable` SET `addtime`=1493644523 WHERE ( id=41 ) [ RunTime:0.020001s ]
SQL: UPDATE `notetable` SET `addtime`=1493471723 WHERE ( id=42 ) [ RunTime:0.020001s ]
SQL: UPDATE `notetable` SET `addtime`=1493212523 WHERE ( id=43 ) [ RunTime:0.023002s ]
SQL: UPDATE `notetable` SET `addtime`=1492780523 WHERE ( id=44 ) [ RunTime:0.020001s ]
SQL: UPDATE `notetable` SET `addtime`=1492521323 WHERE ( id=45 ) [ RunTime:0.021001s ]
SQL: UPDATE `notetable` SET `addtime`=1492175723 WHERE ( id=46 ) [ RunTime:0.035002s ]
SQL: UPDATE `notetable` SET `addtime`=1491830123 WHERE ( id=47 ) [ RunTime:0.026001s ]
SQL: UPDATE `notetable` SET `addtime`=1491657323 WHERE ( id=48 ) [ RunTime:0.022001s ]
SQL: UPDATE `notetable` SET `addtime`=1491484523 WHERE ( id=49 ) [ RunTime:0.023001s ]
SQL: UPDATE `notetable` SET `addtime`=1491052523 WHERE ( id=50 ) [ RunTime:0.018001s ]
SQL: UPDATE `notetable` SET `addtime`=1490793323 WHERE ( id=51 ) [ RunTime:0.018001s ]
SQL: UPDATE `notetable` SET `addtime`=1490534123 WHERE ( id=52 ) [ RunTime:0.019001s ]
SQL: UPDATE `notetable` SET `addtime`=1490102123 WHERE ( id=53 ) [ RunTime:0.021002s ]
SQL: UPDATE `notetable` SET `addtime`=1489842923 WHERE ( id=54 ) [ RunTime:0.019001s ]
SQL: UPDATE `notetable` SET `addtime`=1489670123 WHERE ( id=61 ) [ RunTime:0.019001s ]
SQL: UPDATE `notetable` SET `addtime`=1489238123 WHERE ( id=62 ) [ RunTime:0.018001s ]
SQL: UPDATE `notetable` SET `addtime`=1489065323 WHERE ( id=63 ) [ RunTime:0.018001s ]
SQL: UPDATE `notetable` SET `addtime`=1488892523 WHERE ( id=64 ) [ RunTime:0.018001s ]
SQL: UPDATE `notetable` SET `addtime`=1488719723 WHERE ( id=65 ) [ RunTime:0.019001s ]
INFO: [ app_end ] --START--
INFO: Run Behavior\ShowPageTraceBehavior [ RunTime:0.002000s ]
INFO: [ app_end ] --END-- [ RunTime:0.002000s ]

[ 2017-06-02T21:15:56+08:00 ] ::1 /tpnote/index.php/home/admin/timeupdate
INFO: [ app_init ] --START--
INFO: Run Behavior\BuildLiteBehavior [ RunTime:0.000000s ]
INFO: [ app_init ] --END-- [ RunTime:0.000000s ]
INFO: [ app_begin ] --START--
INFO: Run Behavior\ReadHtmlCacheBehavior [ RunTime:0.000000s ]
INFO: [ app_begin ] --END-- [ RunTime:0.000000s ]
NOTIC: [8192] mysql_connect(): The mysql extension is deprecated and will be removed in the future: use mysqli or PDO instead E:\php\xampp\htdocs\tpnote\ThinkPHP\Library\Think\Db\Driver\Mysql.class.php 第 52 行.
SQL: SHOW COLUMNS FROM `notetable` [ RunTime:0.023001s ]
SQL: SELECT * FROM `notetable` ORDER BY id DESC  [ RunTime:0.484028s ]
SQL: UPDATE `notetable` SET `addtime`=1496063755 WHERE ( id=65 ) [ RunTime:0.025001s ]
SQL: UPDATE `notetable` SET `addtime`=1495718155 WHERE ( id=64 ) [ RunTime:0.024002s ]
SQL: UPDATE `notetable` SET `addtime`=1495286155 WHERE ( id=63 ) [ RunTime:0.021001s ]
SQL: UPDATE `notetable` SET `addtime`=1495113355 WHERE ( id=62 ) [ RunTime:0.023001s ]
SQL: UPDATE `notetable` SET `addtime`=1494767755 WHERE ( id=61 ) [ RunTime:0.026002s ]
SQL: UPDATE `notetable` SET `addtime`=1494508555 WHERE ( id=54 ) [ RunTime:0.024001s ]
SQL: UPDATE `notetable` SET `addtime`=1494162955 WHERE ( id=53 ) [ RunTime:0.020001s ]
SQL: UPDATE `notetable` SET `addtime`=1493817355 WHERE ( id=52 ) [ RunTime:0.024002s ]
SQL: UPDATE `notetable` SET `addtime`=1493558155 WHERE ( id=51 ) [ RunTime:0.021001s ]
SQL: UPDATE `notetable` SET `addtime`=1493212555 WHERE ( id=50 ) [ RunTime:0.021001s ]
SQL: UPDATE `notetable` SET `addtime`=1492866955 WHERE ( id=49 ) [ RunTime:0.021001s ]
SQL: UPDATE `notetable` SET `addtime`=1492434955 WHERE ( id=48 ) [ RunTime:0.021002s ]
SQL: UPDATE `notetable` SET `addtime`=1492175755 WHERE ( id=47 ) [ RunTime:0.019001s ]
SQL: UPDATE `notetable` SET `addtime`=1491743755 WHERE ( id=46 ) [ RunTime:0.022001s ]
SQL: UPDATE `notetable` SET `addtime`=1491398155 WHERE ( id=45 ) [ RunTime:0.025001s ]
SQL: UPDATE `notetable` SET `addtime`=1491138955 WHERE ( id=44 ) [ RunTime:0.023001s ]
SQL: UPDATE `notetable` SET `addtime`=1490966155 WHERE ( id=43 ) [ RunTime:0.020001s ]
SQL: UPDATE `notetable` SET `addtime`=1490534155 WHERE ( id=42 ) [ RunTime:0.021001s ]
SQL: UPDATE `notetable` SET `addtime`=1490188555 WHERE ( id=41 ) [ RunTime:0.019001s ]
SQL: UPDATE `notetable` SET `addtime`=1489842955 WHERE ( id=40 ) [ RunTime:0.032002s ]
SQL: UPDATE `notetable` SET `addtime`=1489497355 WHERE ( id=39 ) [ RunTime:0.025002s ]
SQL: UPDATE `notetable` SET `addtime`=1489324555 WHERE ( id=38 ) [ RunTime:0.019001s ]
SQL: UPDATE `notetable` SET `addtime`=1489151755 WHERE ( id=35 ) [ RunTime:0.020001s ]
SQL: UPDATE `notetable` SET `addtime`=1488978955 WHERE ( id=29 ) [ RunTime:0.025001s ]
SQL: UPDATE `notetable` SET `addtime`=1488546955 WHERE ( id=8 ) [ RunTime:0.020002s ]
SQL: UPDATE `notetable` SET `addtime`=1488201355 WHERE ( id=4 ) [ RunTime:0.022001s ]
INFO: [ app_end ] --START--
INFO: Run Behavior\ShowPageTraceBehavior [ RunTime:0.001000s ]
INFO: [ app_end ] --END-- [ RunTime:0.001000s ]

